2026-04-24 11:06:06.394 +03:00 [INF] Executed DbCommand (14ms) [Parameters=[], CommandType='"Text"', CommandTimeout='30']
SELECT "MigrationId", "ProductVersion"
FROM "__EFMigrationsHistory"
ORDER BY "MigrationId";
2026-04-24 11:06:06.641 +03:00 [INF] Executed DbCommand (8ms) [Parameters=[], CommandType='"Text"', CommandTimeout='30']
CREATE TABLE IF NOT EXISTS "__EFMigrationsHistory" (
    "MigrationId" character varying(150) NOT NULL,
    "ProductVersion" character varying(32) NOT NULL,
    CONSTRAINT "PK___EFMigrationsHistory" PRIMARY KEY ("MigrationId")
);
2026-04-24 11:06:06.650 +03:00 [INF] Executed DbCommand (1ms) [Parameters=[], CommandType='"Text"', CommandTimeout='30']
LOCK TABLE "__EFMigrationsHistory" IN ACCESS EXCLUSIVE MODE
2026-04-24 11:06:06.654 +03:00 [INF] Executed DbCommand (0ms) [Parameters=[], CommandType='"Text"', CommandTimeout='30']
SELECT "MigrationId", "ProductVersion"
FROM "__EFMigrationsHistory"
ORDER BY "MigrationId";
2026-04-24 11:06:06.659 +03:00 [INF] No migrations were applied. The database is already up to date.
2026-04-24 11:06:06.667 +03:00 [INF] Veritabanı migration tamamlandı.
2026-04-24 11:06:06.671 +03:00 [INF] Portlink API başlatıldı.
2026-04-24 11:06:06.688 +03:00 [INF] User profile is available. Using 'C:\Users\abura\AppData\Local\ASP.NET\DataProtection-Keys' as key repository and Windows DPAPI to encrypt keys at rest.
2026-04-24 11:06:06.776 +03:00 [WRN] The WebRootPath was not found: C:\Users\abura\source\repos\Portlink.Api\Portlink.Api\wwwroot. Static files may be unavailable.
2026-04-24 11:06:06.808 +03:00 [INF] Now listening on: http://localhost:5265
2026-04-24 11:06:06.811 +03:00 [INF] Application started. Press Ctrl+C to shut down.
2026-04-24 11:06:06.812 +03:00 [INF] Hosting environment: Development
2026-04-24 11:06:06.812 +03:00 [INF] Content root path: C:\Users\abura\source\repos\Portlink.Api\Portlink.Api
2026-04-24 11:06:09.664 +03:00 [INF] Request starting HTTP/1.1 GET http://localhost:5265/ - null null
2026-04-24 11:06:09.889 +03:00 [WRN] Failed to determine the https port for redirect.
2026-04-24 11:06:09.973 +03:00 [INF] HTTP GET / responded 404 in 83.6791 ms
2026-04-24 11:06:09.998 +03:00 [INF] Request finished HTTP/1.1 GET http://localhost:5265/ - 404 0 null 337.727ms
2026-04-24 11:06:10.011 +03:00 [INF] Request reached the end of the middleware pipeline without being handled by application code. Request path: GET http://localhost:5265/, Response status code: 404
2026-04-24 11:06:16.894 +03:00 [INF] Request starting HTTP/1.1 GET http://localhost:5265/swagger/index.html - null null
2026-04-24 11:06:17.047 +03:00 [INF] Request finished HTTP/1.1 GET http://localhost:5265/swagger/index.html - 200 null text/html;charset=utf-8 153.3178ms
2026-04-24 11:06:17.888 +03:00 [INF] Request starting HTTP/1.1 GET http://localhost:5265/swagger/v1/swagger.json - null null
2026-04-24 11:06:18.070 +03:00 [INF] Request finished HTTP/1.1 GET http://localhost:5265/swagger/v1/swagger.json - 200 null application/json;charset=utf-8 181.9598ms
