2026-04-23 12:56:26.703 +03:00 [ERR] An error occurred using the connection to database 'portlink_db' on server 'tcp://localhost:5432'.
2026-04-23 12:57:00.201 +03:00 [ERR] An error occurred using the connection to database 'portlink_db' on server 'tcp://localhost:5432'.
2026-04-23 12:57:00.664 +03:00 [INF] Executed DbCommand (86ms) [Parameters=[], CommandType='"Text"', CommandTimeout='30']
CREATE DATABASE portlink_db;
2026-04-23 12:57:00.750 +03:00 [INF] Executed DbCommand (2ms) [Parameters=[], CommandType='"Text"', CommandTimeout='30']
CREATE TABLE IF NOT EXISTS "__EFMigrationsHistory" (
    "MigrationId" character varying(150) NOT NULL,
    "ProductVersion" character varying(32) NOT NULL,
    CONSTRAINT "PK___EFMigrationsHistory" PRIMARY KEY ("MigrationId")
);
2026-04-23 12:57:00.762 +03:00 [INF] Executed DbCommand (1ms) [Parameters=[], CommandType='"Text"', CommandTimeout='30']
LOCK TABLE "__EFMigrationsHistory" IN ACCESS EXCLUSIVE MODE
2026-04-23 12:57:00.765 +03:00 [INF] Executed DbCommand (2ms) [Parameters=[], CommandType='"Text"', CommandTimeout='30']
SELECT "MigrationId", "ProductVersion"
FROM "__EFMigrationsHistory"
ORDER BY "MigrationId";
2026-04-23 12:57:00.775 +03:00 [INF] Applying migration '20260423095524_InitialCreate'.
2026-04-23 12:57:00.835 +03:00 [INF] Executed DbCommand (9ms) [Parameters=[], CommandType='"Text"', CommandTimeout='30']
CREATE TABLE "Ports" (
    "Id" uuid NOT NULL,
    "Code" character varying(20) NOT NULL,
    "Name" character varying(300) NOT NULL,
    "Region" character varying(100),
    "Coordinates" text,
    "CreatedAt" timestamp with time zone NOT NULL,
    CONSTRAINT "PK_Ports" PRIMARY KEY ("Id")
);
2026-04-23 12:57:00.840 +03:00 [INF] Executed DbCommand (5ms) [Parameters=[], CommandType='"Text"', CommandTimeout='30']
CREATE TABLE "ServiceCategories" (
    "Id" uuid NOT NULL,
    "Code" character varying(50) NOT NULL,
    "Title" character varying(200) NOT NULL,
    "SubServices" text[] NOT NULL,
    "CreatedAt" timestamp with time zone NOT NULL,
    CONSTRAINT "PK_ServiceCategories" PRIMARY KEY ("Id")
);
2026-04-23 12:57:00.844 +03:00 [INF] Executed DbCommand (4ms) [Parameters=[], CommandType='"Text"', CommandTimeout='30']
CREATE TABLE "Users" (
    "Id" uuid NOT NULL,
    "Email" character varying(255) NOT NULL,
    "PasswordHash" character varying(255) NOT NULL,
    "Role" character varying(30) NOT NULL,
    "IsVerified" boolean NOT NULL,
    "IsActive" boolean NOT NULL,
    "CreatedAt" timestamp with time zone NOT NULL,
    "UpdatedAt" timestamp with time zone NOT NULL,
    CONSTRAINT "PK_Users" PRIMARY KEY ("Id")
);
2026-04-23 12:57:00.848 +03:00 [INF] Executed DbCommand (4ms) [Parameters=[], CommandType='"Text"', CommandTimeout='30']
CREATE TABLE "AgentProfiles" (
    "Id" uuid NOT NULL,
    "UserId" uuid NOT NULL,
    "FullName" character varying(150) NOT NULL,
    "Phone" character varying(30),
    "CompanyName" character varying(200) NOT NULL,
    "Country" character varying(100),
    "City" character varying(100),
    "TaxNumber" character varying(50),
    "LogoUrl" character varying(500),
    "Rating" numeric(3,2) NOT NULL,
    "TotalJobs" integer NOT NULL,
    "IsVerified" boolean NOT NULL,
    "CreatedAt" timestamp with time zone NOT NULL,
    "UpdatedAt" timestamp with time zone NOT NULL,
    CONSTRAINT "PK_AgentProfiles" PRIMARY KEY ("Id"),
    CONSTRAINT "FK_AgentProfiles_Users_UserId" FOREIGN KEY ("UserId") REFERENCES "Users" ("Id") ON DELETE CASCADE
);
2026-04-23 12:57:00.851 +03:00 [INF] Executed DbCommand (3ms) [Parameters=[], CommandType='"Text"', CommandTimeout='30']
CREATE TABLE "Notifications" (
    "Id" uuid NOT NULL,
    "UserId" uuid NOT NULL,
    "Type" character varying(50) NOT NULL,
    "Title" character varying(300) NOT NULL,
    "Body" text,
    "IsRead" boolean NOT NULL,
    "Data" jsonb,
    "CreatedAt" timestamp with time zone NOT NULL,
    CONSTRAINT "PK_Notifications" PRIMARY KEY ("Id"),
    CONSTRAINT "FK_Notifications_Users_UserId" FOREIGN KEY ("UserId") REFERENCES "Users" ("Id") ON DELETE CASCADE
);
2026-04-23 12:57:00.853 +03:00 [INF] Executed DbCommand (2ms) [Parameters=[], CommandType='"Text"', CommandTimeout='30']
CREATE TABLE "RefreshTokens" (
    "Id" uuid NOT NULL,
    "UserId" uuid NOT NULL,
    "TokenHash" character varying(500) NOT NULL,
    "ExpiresAt" timestamp with time zone NOT NULL,
    "CreatedAt" timestamp with time zone NOT NULL,
    CONSTRAINT "PK_RefreshTokens" PRIMARY KEY ("Id"),
    CONSTRAINT "FK_RefreshTokens_Users_UserId" FOREIGN KEY ("UserId") REFERENCES "Users" ("Id") ON DELETE CASCADE
);
2026-04-23 12:57:00.855 +03:00 [INF] Executed DbCommand (2ms) [Parameters=[], CommandType='"Text"', CommandTimeout='30']
CREATE TABLE "SubcontractorProfiles" (
    "Id" uuid NOT NULL,
    "UserId" uuid NOT NULL,
    "FullName" character varying(150) NOT NULL,
    "Phone" character varying(30),
    "CompanyName" character varying(200) NOT NULL,
    "Country" character varying(100),
    "City" character varying(100),
    "TaxNumber" character varying(50),
    "LogoUrl" character varying(500),
    "Rating" numeric(3,2) NOT NULL,
    "TotalCompleted" integer NOT NULL,
    "IsVerified" boolean NOT NULL,
    "ExpertiseTags" text[] NOT NULL,
    "CreatedAt" timestamp with time zone NOT NULL,
    "UpdatedAt" timestamp with time zone NOT NULL,
    CONSTRAINT "PK_SubcontractorProfiles" PRIMARY KEY ("Id"),
    CONSTRAINT "FK_SubcontractorProfiles_Users_UserId" FOREIGN KEY ("UserId") REFERENCES "Users" ("Id") ON DELETE CASCADE
);
2026-04-23 12:57:00.858 +03:00 [INF] Executed DbCommand (3ms) [Parameters=[], CommandType='"Text"', CommandTimeout='30']
CREATE TABLE "JobListings" (
    "Id" uuid NOT NULL,
    "AgentId" uuid NOT NULL,
    "Title" character varying(300) NOT NULL,
    "ListingType" character varying(30) NOT NULL,
    "ShipName" character varying(200),
    "PortCode" character varying(20),
    "PortName" character varying(300),
    "Location" character varying(300),
    "Category" character varying(100) NOT NULL,
    "SelectedServices" text[] NOT NULL,
    "Eta" timestamp with time zone,
    "NeedText" text,
    "BudgetMin" numeric(15,2),
    "BudgetMax" numeric(15,2),
    "Currency" character varying(10) NOT NULL,
    "Status" character varying(20) NOT NULL,
    "OfferCount" integer NOT NULL,
    "Deadline" timestamp with time zone,
    "CreatedAt" timestamp with time zone NOT NULL,
    "UpdatedAt" timestamp with time zone NOT NULL,
    "PortId" uuid,
    CONSTRAINT "PK_JobListings" PRIMARY KEY ("Id"),
    CONSTRAINT "FK_JobListings_AgentProfiles_AgentId" FOREIGN KEY ("AgentId") REFERENCES "AgentProfiles" ("Id") ON DELETE CASCADE,
    CONSTRAINT "FK_JobListings_Ports_PortId" FOREIGN KEY ("PortId") REFERENCES "Ports" ("Id")
);
2026-04-23 12:57:00.861 +03:00 [INF] Executed DbCommand (2ms) [Parameters=[], CommandType='"Text"', CommandTimeout='30']
CREATE TABLE "JobFiles" (
    "Id" uuid NOT NULL,
    "JobId" uuid NOT NULL,
    "FileName" character varying(300) NOT NULL,
    "FileUrl" character varying(500) NOT NULL,
    "FileSize" bigint,
    "FileType" character varying(20),
    "UploadedBy" uuid NOT NULL,
    "CreatedAt" timestamp with time zone NOT NULL,
    CONSTRAINT "PK_JobFiles" PRIMARY KEY ("Id"),
    CONSTRAINT "FK_JobFiles_JobListings_JobId" FOREIGN KEY ("JobId") REFERENCES "JobListings" ("Id") ON DELETE CASCADE,
    CONSTRAINT "FK_JobFiles_Users_UploadedBy" FOREIGN KEY ("UploadedBy") REFERENCES "Users" ("Id") ON DELETE RESTRICT
);
2026-04-23 12:57:00.863 +03:00 [INF] Executed DbCommand (2ms) [Parameters=[], CommandType='"Text"', CommandTimeout='30']
CREATE TABLE "Offers" (
    "Id" uuid NOT NULL,
    "JobId" uuid NOT NULL,
    "SubcontractorId" uuid NOT NULL,
    "Price" numeric(15,2) NOT NULL,
    "Currency" character varying(10) NOT NULL,
    "EstimatedDays" integer,
    "CoverNote" text,
    "Status" character varying(20) NOT NULL,
    "CreatedAt" timestamp with time zone NOT NULL,
    "UpdatedAt" timestamp with time zone NOT NULL,
    CONSTRAINT "PK_Offers" PRIMARY KEY ("Id"),
    CONSTRAINT "FK_Offers_JobListings_JobId" FOREIGN KEY ("JobId") REFERENCES "JobListings" ("Id") ON DELETE CASCADE,
    CONSTRAINT "FK_Offers_SubcontractorProfiles_SubcontractorId" FOREIGN KEY ("SubcontractorId") REFERENCES "SubcontractorProfiles" ("Id") ON DELETE CASCADE
);
2026-04-23 12:57:00.865 +03:00 [INF] Executed DbCommand (2ms) [Parameters=[], CommandType='"Text"', CommandTimeout='30']
CREATE TABLE "AssignedJobs" (
    "Id" uuid NOT NULL,
    "JobId" uuid NOT NULL,
    "OfferId" uuid NOT NULL,
    "AgentId" uuid NOT NULL,
    "SubcontractorId" uuid NOT NULL,
    "Progress" integer NOT NULL,
    "Status" character varying(30) NOT NULL,
    "StartDate" date,
    "DueDate" date,
    "CompletedAt" timestamp with time zone,
    "CreatedAt" timestamp with time zone NOT NULL,
    "UpdatedAt" timestamp with time zone NOT NULL,
    CONSTRAINT "PK_AssignedJobs" PRIMARY KEY ("Id"),
    CONSTRAINT "FK_AssignedJobs_AgentProfiles_AgentId" FOREIGN KEY ("AgentId") REFERENCES "AgentProfiles" ("Id") ON DELETE RESTRICT,
    CONSTRAINT "FK_AssignedJobs_JobListings_JobId" FOREIGN KEY ("JobId") REFERENCES "JobListings" ("Id") ON DELETE RESTRICT,
    CONSTRAINT "FK_AssignedJobs_Offers_OfferId" FOREIGN KEY ("OfferId") REFERENCES "Offers" ("Id") ON DELETE RESTRICT,
    CONSTRAINT "FK_AssignedJobs_SubcontractorProfiles_SubcontractorId" FOREIGN KEY ("SubcontractorId") REFERENCES "SubcontractorProfiles" ("Id") ON DELETE RESTRICT
);
2026-04-23 12:57:00.867 +03:00 [INF] Executed DbCommand (2ms) [Parameters=[], CommandType='"Text"', CommandTimeout='30']
CREATE TABLE "JobLogs" (
    "Id" uuid NOT NULL,
    "AssignedJobId" uuid NOT NULL,
    "CreatedBy" uuid NOT NULL,
    "Title" character varying(300) NOT NULL,
    "Description" text,
    "CreatedAt" timestamp with time zone NOT NULL,
    CONSTRAINT "PK_JobLogs" PRIMARY KEY ("Id"),
    CONSTRAINT "FK_JobLogs_AssignedJobs_AssignedJobId" FOREIGN KEY ("AssignedJobId") REFERENCES "AssignedJobs" ("Id") ON DELETE CASCADE,
    CONSTRAINT "FK_JobLogs_Users_CreatedBy" FOREIGN KEY ("CreatedBy") REFERENCES "Users" ("Id") ON DELETE RESTRICT
);
2026-04-23 12:57:00.869 +03:00 [INF] Executed DbCommand (2ms) [Parameters=[], CommandType='"Text"', CommandTimeout='30']
CREATE TABLE "JobReports" (
    "Id" uuid NOT NULL,
    "AssignedJobId" uuid NOT NULL,
    "UploadedBy" uuid NOT NULL,
    "FileName" character varying(300) NOT NULL,
    "FileUrl" character varying(500) NOT NULL,
    "FileSize" bigint,
    "FileType" character varying(20),
    "CreatedAt" timestamp with time zone NOT NULL,
    CONSTRAINT "PK_JobReports" PRIMARY KEY ("Id"),
    CONSTRAINT "FK_JobReports_AssignedJobs_AssignedJobId" FOREIGN KEY ("AssignedJobId") REFERENCES "AssignedJobs" ("Id") ON DELETE CASCADE,
    CONSTRAINT "FK_JobReports_Users_UploadedBy" FOREIGN KEY ("UploadedBy") REFERENCES "Users" ("Id") ON DELETE RESTRICT
);
2026-04-23 12:57:00.872 +03:00 [INF] Executed DbCommand (2ms) [Parameters=[], CommandType='"Text"', CommandTimeout='30']
CREATE TABLE "Messages" (
    "Id" uuid NOT NULL,
    "AssignedJobId" uuid,
    "SenderId" uuid NOT NULL,
    "ReceiverId" uuid NOT NULL,
    "Content" text NOT NULL,
    "IsRead" boolean NOT NULL,
    "CreatedAt" timestamp with time zone NOT NULL,
    CONSTRAINT "PK_Messages" PRIMARY KEY ("Id"),
    CONSTRAINT "FK_Messages_AssignedJobs_AssignedJobId" FOREIGN KEY ("AssignedJobId") REFERENCES "AssignedJobs" ("Id") ON DELETE SET NULL,
    CONSTRAINT "FK_Messages_Users_ReceiverId" FOREIGN KEY ("ReceiverId") REFERENCES "Users" ("Id") ON DELETE RESTRICT,
    CONSTRAINT "FK_Messages_Users_SenderId" FOREIGN KEY ("SenderId") REFERENCES "Users" ("Id") ON DELETE RESTRICT
);
2026-04-23 12:57:00.874 +03:00 [INF] Executed DbCommand (2ms) [Parameters=[], CommandType='"Text"', CommandTimeout='30']
CREATE TABLE "WalletTransactions" (
    "Id" uuid NOT NULL,
    "SubcontractorId" uuid NOT NULL,
    "AssignedJobId" uuid,
    "Type" character varying(30) NOT NULL,
    "Amount" numeric(15,2) NOT NULL,
    "Currency" character varying(10) NOT NULL,
    "Status" character varying(20) NOT NULL,
    "Description" text,
    "CreatedAt" timestamp with time zone NOT NULL,
    CONSTRAINT "PK_WalletTransactions" PRIMARY KEY ("Id"),
    CONSTRAINT "FK_WalletTransactions_AssignedJobs_AssignedJobId" FOREIGN KEY ("AssignedJobId") REFERENCES "AssignedJobs" ("Id") ON DELETE SET NULL,
    CONSTRAINT "FK_WalletTransactions_SubcontractorProfiles_SubcontractorId" FOREIGN KEY ("SubcontractorId") REFERENCES "SubcontractorProfiles" ("Id") ON DELETE RESTRICT
);
2026-04-23 12:57:00.874 +03:00 [INF] Executed DbCommand (0ms) [Parameters=[], CommandType='"Text"', CommandTimeout='30']
CREATE UNIQUE INDEX "IX_AgentProfiles_UserId" ON "AgentProfiles" ("UserId");
2026-04-23 12:57:00.875 +03:00 [INF] Executed DbCommand (0ms) [Parameters=[], CommandType='"Text"', CommandTimeout='30']
CREATE INDEX "IX_AssignedJobs_AgentId" ON "AssignedJobs" ("AgentId");
2026-04-23 12:57:00.876 +03:00 [INF] Executed DbCommand (0ms) [Parameters=[], CommandType='"Text"', CommandTimeout='30']
CREATE UNIQUE INDEX "IX_AssignedJobs_JobId" ON "AssignedJobs" ("JobId");
2026-04-23 12:57:00.878 +03:00 [INF] Executed DbCommand (2ms) [Parameters=[], CommandType='"Text"', CommandTimeout='30']
CREATE UNIQUE INDEX "IX_AssignedJobs_OfferId" ON "AssignedJobs" ("OfferId");
2026-04-23 12:57:00.885 +03:00 [INF] Executed DbCommand (6ms) [Parameters=[], CommandType='"Text"', CommandTimeout='30']
CREATE INDEX "IX_AssignedJobs_SubcontractorId" ON "AssignedJobs" ("SubcontractorId");
2026-04-23 12:57:00.886 +03:00 [INF] Executed DbCommand (1ms) [Parameters=[], CommandType='"Text"', CommandTimeout='30']
CREATE INDEX "IX_JobFiles_JobId" ON "JobFiles" ("JobId");
2026-04-23 12:57:00.887 +03:00 [INF] Executed DbCommand (1ms) [Parameters=[], CommandType='"Text"', CommandTimeout='30']
CREATE INDEX "IX_JobFiles_UploadedBy" ON "JobFiles" ("UploadedBy");
2026-04-23 12:57:00.888 +03:00 [INF] Executed DbCommand (1ms) [Parameters=[], CommandType='"Text"', CommandTimeout='30']
CREATE INDEX "IX_JobListings_AgentId" ON "JobListings" ("AgentId");
2026-04-23 12:57:00.889 +03:00 [INF] Executed DbCommand (1ms) [Parameters=[], CommandType='"Text"', CommandTimeout='30']
CREATE INDEX "IX_JobListings_PortId" ON "JobListings" ("PortId");
2026-04-23 12:57:00.890 +03:00 [INF] Executed DbCommand (1ms) [Parameters=[], CommandType='"Text"', CommandTimeout='30']
CREATE INDEX "IX_JobLogs_AssignedJobId" ON "JobLogs" ("AssignedJobId");
2026-04-23 12:57:00.891 +03:00 [INF] Executed DbCommand (1ms) [Parameters=[], CommandType='"Text"', CommandTimeout='30']
CREATE INDEX "IX_JobLogs_CreatedBy" ON "JobLogs" ("CreatedBy");
2026-04-23 12:57:00.892 +03:00 [INF] Executed DbCommand (1ms) [Parameters=[], CommandType='"Text"', CommandTimeout='30']
CREATE INDEX "IX_JobReports_AssignedJobId" ON "JobReports" ("AssignedJobId");
2026-04-23 12:57:00.892 +03:00 [INF] Executed DbCommand (0ms) [Parameters=[], CommandType='"Text"', CommandTimeout='30']
CREATE INDEX "IX_JobReports_UploadedBy" ON "JobReports" ("UploadedBy");
2026-04-23 12:57:00.893 +03:00 [INF] Executed DbCommand (0ms) [Parameters=[], CommandType='"Text"', CommandTimeout='30']
CREATE INDEX "IX_Messages_AssignedJobId" ON "Messages" ("AssignedJobId");
2026-04-23 12:57:00.894 +03:00 [INF] Executed DbCommand (0ms) [Parameters=[], CommandType='"Text"', CommandTimeout='30']
CREATE INDEX "IX_Messages_ReceiverId" ON "Messages" ("ReceiverId");
2026-04-23 12:57:00.894 +03:00 [INF] Executed DbCommand (0ms) [Parameters=[], CommandType='"Text"', CommandTimeout='30']
CREATE INDEX "IX_Messages_SenderId" ON "Messages" ("SenderId");
2026-04-23 12:57:00.895 +03:00 [INF] Executed DbCommand (0ms) [Parameters=[], CommandType='"Text"', CommandTimeout='30']
CREATE INDEX "IX_Notifications_UserId" ON "Notifications" ("UserId");
2026-04-23 12:57:00.895 +03:00 [INF] Executed DbCommand (0ms) [Parameters=[], CommandType='"Text"', CommandTimeout='30']
CREATE UNIQUE INDEX "IX_Offers_JobId_SubcontractorId" ON "Offers" ("JobId", "SubcontractorId");
2026-04-23 12:57:00.896 +03:00 [INF] Executed DbCommand (0ms) [Parameters=[], CommandType='"Text"', CommandTimeout='30']
CREATE INDEX "IX_Offers_SubcontractorId" ON "Offers" ("SubcontractorId");
2026-04-23 12:57:00.896 +03:00 [INF] Executed DbCommand (0ms) [Parameters=[], CommandType='"Text"', CommandTimeout='30']
CREATE UNIQUE INDEX "IX_Ports_Code" ON "Ports" ("Code");
2026-04-23 12:57:00.897 +03:00 [INF] Executed DbCommand (0ms) [Parameters=[], CommandType='"Text"', CommandTimeout='30']
CREATE INDEX "IX_RefreshTokens_UserId" ON "RefreshTokens" ("UserId");
2026-04-23 12:57:00.898 +03:00 [INF] Executed DbCommand (0ms) [Parameters=[], CommandType='"Text"', CommandTimeout='30']
CREATE UNIQUE INDEX "IX_ServiceCategories_Code" ON "ServiceCategories" ("Code");
2026-04-23 12:57:00.898 +03:00 [INF] Executed DbCommand (0ms) [Parameters=[], CommandType='"Text"', CommandTimeout='30']
CREATE UNIQUE INDEX "IX_SubcontractorProfiles_UserId" ON "SubcontractorProfiles" ("UserId");
2026-04-23 12:57:00.899 +03:00 [INF] Executed DbCommand (0ms) [Parameters=[], CommandType='"Text"', CommandTimeout='30']
CREATE UNIQUE INDEX "IX_Users_Email" ON "Users" ("Email");
2026-04-23 12:57:00.899 +03:00 [INF] Executed DbCommand (0ms) [Parameters=[], CommandType='"Text"', CommandTimeout='30']
CREATE INDEX "IX_WalletTransactions_AssignedJobId" ON "WalletTransactions" ("AssignedJobId");
2026-04-23 12:57:00.900 +03:00 [INF] Executed DbCommand (0ms) [Parameters=[], CommandType='"Text"', CommandTimeout='30']
CREATE INDEX "IX_WalletTransactions_SubcontractorId" ON "WalletTransactions" ("SubcontractorId");
2026-04-23 12:57:00.901 +03:00 [INF] Executed DbCommand (1ms) [Parameters=[], CommandType='"Text"', CommandTimeout='30']
INSERT INTO "__EFMigrationsHistory" ("MigrationId", "ProductVersion")
VALUES ('20260423095524_InitialCreate', '9.0.4');
2026-04-23 12:57:00.918 +03:00 [INF] Veritabanı migration tamamlandı.
2026-04-23 12:57:00.922 +03:00 [INF] Portlink API başlatıldı.
2026-04-23 12:57:00.928 +03:00 [INF] User profile is available. Using '/home/serif/.aspnet/DataProtection-Keys' as key repository; keys will not be encrypted at rest.
2026-04-23 12:57:00.944 +03:00 [INF] Creating key {19a3fba5-c78a-44be-b59f-df22f02471fc} with creation date 2026-04-23 09:57:00Z, activation date 2026-04-23 09:57:00Z, and expiration date 2026-07-22 09:57:00Z.
2026-04-23 12:57:00.947 +03:00 [WRN] No XML encryptor configured. Key {19a3fba5-c78a-44be-b59f-df22f02471fc} may be persisted to storage in unencrypted form.
2026-04-23 12:57:00.948 +03:00 [INF] Writing data to file '/home/serif/.aspnet/DataProtection-Keys/key-19a3fba5-c78a-44be-b59f-df22f02471fc.xml'.
2026-04-23 12:57:00.971 +03:00 [WRN] The WebRootPath was not found: /home/serif/Masaüstü/Portlink.Api/wwwroot. Static files may be unavailable.
2026-04-23 12:57:00.999 +03:00 [INF] Now listening on: http://localhost:5265
2026-04-23 12:57:01.000 +03:00 [INF] Application started. Press Ctrl+C to shut down.
2026-04-23 12:57:01.000 +03:00 [INF] Hosting environment: Development
2026-04-23 12:57:01.000 +03:00 [INF] Content root path: /home/serif/Masaüstü/Portlink.Api
2026-04-23 13:00:26.506 +03:00 [ERR] An error occurred using the connection to database 'portlink_db' on server 'tcp://localhost:5432'.
2026-04-23 13:02:35.246 +03:00 [ERR] An error occurred using the connection to database 'portlink_db' on server 'tcp://localhost:5432'.
2026-04-23 13:02:36.547 +03:00 [INF] Executed DbCommand (995ms) [Parameters=[], CommandType='"Text"', CommandTimeout='30']
CREATE DATABASE portlink_db;
2026-04-23 13:02:36.737 +03:00 [INF] Executed DbCommand (49ms) [Parameters=[], CommandType='"Text"', CommandTimeout='30']
CREATE TABLE IF NOT EXISTS "__EFMigrationsHistory" (
    "MigrationId" character varying(150) NOT NULL,
    "ProductVersion" character varying(32) NOT NULL,
    CONSTRAINT "PK___EFMigrationsHistory" PRIMARY KEY ("MigrationId")
);
2026-04-23 13:02:36.754 +03:00 [INF] Executed DbCommand (3ms) [Parameters=[], CommandType='"Text"', CommandTimeout='30']
LOCK TABLE "__EFMigrationsHistory" IN ACCESS EXCLUSIVE MODE
2026-04-23 13:02:36.761 +03:00 [INF] Executed DbCommand (3ms) [Parameters=[], CommandType='"Text"', CommandTimeout='30']
SELECT "MigrationId", "ProductVersion"
FROM "__EFMigrationsHistory"
ORDER BY "MigrationId";
2026-04-23 13:02:36.771 +03:00 [INF] Applying migration '20260423095524_InitialCreate'.
2026-04-23 13:02:36.810 +03:00 [INF] Executed DbCommand (9ms) [Parameters=[], CommandType='"Text"', CommandTimeout='30']
CREATE TABLE "Ports" (
    "Id" uuid NOT NULL,
    "Code" character varying(20) NOT NULL,
    "Name" character varying(300) NOT NULL,
    "Region" character varying(100),
    "Coordinates" text,
    "CreatedAt" timestamp with time zone NOT NULL,
    CONSTRAINT "PK_Ports" PRIMARY KEY ("Id")
);
2026-04-23 13:02:36.819 +03:00 [INF] Executed DbCommand (4ms) [Parameters=[], CommandType='"Text"', CommandTimeout='30']
CREATE TABLE "ServiceCategories" (
    "Id" uuid NOT NULL,
    "Code" character varying(50) NOT NULL,
    "Title" character varying(200) NOT NULL,
    "SubServices" text[] NOT NULL,
    "CreatedAt" timestamp with time zone NOT NULL,
    CONSTRAINT "PK_ServiceCategories" PRIMARY KEY ("Id")
);
2026-04-23 13:02:36.826 +03:00 [INF] Executed DbCommand (5ms) [Parameters=[], CommandType='"Text"', CommandTimeout='30']
CREATE TABLE "Users" (
    "Id" uuid NOT NULL,
    "Email" character varying(255) NOT NULL,
    "PasswordHash" character varying(255) NOT NULL,
    "Role" character varying(30) NOT NULL,
    "IsVerified" boolean NOT NULL,
    "IsActive" boolean NOT NULL,
    "CreatedAt" timestamp with time zone NOT NULL,
    "UpdatedAt" timestamp with time zone NOT NULL,
    CONSTRAINT "PK_Users" PRIMARY KEY ("Id")
);
2026-04-23 13:02:36.837 +03:00 [INF] Executed DbCommand (8ms) [Parameters=[], CommandType='"Text"', CommandTimeout='30']
CREATE TABLE "AgentProfiles" (
    "Id" uuid NOT NULL,
    "UserId" uuid NOT NULL,
    "FullName" character varying(150) NOT NULL,
    "Phone" character varying(30),
    "CompanyName" character varying(200) NOT NULL,
    "Country" character varying(100),
    "City" character varying(100),
    "TaxNumber" character varying(50),
    "LogoUrl" character varying(500),
    "Rating" numeric(3,2) NOT NULL,
    "TotalJobs" integer NOT NULL,
    "IsVerified" boolean NOT NULL,
    "CreatedAt" timestamp with time zone NOT NULL,
    "UpdatedAt" timestamp with time zone NOT NULL,
    CONSTRAINT "PK_AgentProfiles" PRIMARY KEY ("Id"),
    CONSTRAINT "FK_AgentProfiles_Users_UserId" FOREIGN KEY ("UserId") REFERENCES "Users" ("Id") ON DELETE CASCADE
);
2026-04-23 13:02:36.848 +03:00 [INF] Executed DbCommand (5ms) [Parameters=[], CommandType='"Text"', CommandTimeout='30']
CREATE TABLE "Notifications" (
    "Id" uuid NOT NULL,
    "UserId" uuid NOT NULL,
    "Type" character varying(50) NOT NULL,
    "Title" character varying(300) NOT NULL,
    "Body" text,
    "IsRead" boolean NOT NULL,
    "Data" jsonb,
    "CreatedAt" timestamp with time zone NOT NULL,
    CONSTRAINT "PK_Notifications" PRIMARY KEY ("Id"),
    CONSTRAINT "FK_Notifications_Users_UserId" FOREIGN KEY ("UserId") REFERENCES "Users" ("Id") ON DELETE CASCADE
);
2026-04-23 13:02:36.859 +03:00 [INF] Executed DbCommand (6ms) [Parameters=[], CommandType='"Text"', CommandTimeout='30']
CREATE TABLE "RefreshTokens" (
    "Id" uuid NOT NULL,
    "UserId" uuid NOT NULL,
    "TokenHash" character varying(500) NOT NULL,
    "ExpiresAt" timestamp with time zone NOT NULL,
    "CreatedAt" timestamp with time zone NOT NULL,
    CONSTRAINT "PK_RefreshTokens" PRIMARY KEY ("Id"),
    CONSTRAINT "FK_RefreshTokens_Users_UserId" FOREIGN KEY ("UserId") REFERENCES "Users" ("Id") ON DELETE CASCADE
);
2026-04-23 13:02:36.869 +03:00 [INF] Executed DbCommand (5ms) [Parameters=[], CommandType='"Text"', CommandTimeout='30']
CREATE TABLE "SubcontractorProfiles" (
    "Id" uuid NOT NULL,
    "UserId" uuid NOT NULL,
    "FullName" character varying(150) NOT NULL,
    "Phone" character varying(30),
    "CompanyName" character varying(200) NOT NULL,
    "Country" character varying(100),
    "City" character varying(100),
    "TaxNumber" character varying(50),
    "LogoUrl" character varying(500),
    "Rating" numeric(3,2) NOT NULL,
    "TotalCompleted" integer NOT NULL,
    "IsVerified" boolean NOT NULL,
    "ExpertiseTags" text[] NOT NULL,
    "CreatedAt" timestamp with time zone NOT NULL,
    "UpdatedAt" timestamp with time zone NOT NULL,
    CONSTRAINT "PK_SubcontractorProfiles" PRIMARY KEY ("Id"),
    CONSTRAINT "FK_SubcontractorProfiles_Users_UserId" FOREIGN KEY ("UserId") REFERENCES "Users" ("Id") ON DELETE CASCADE
);
2026-04-23 13:02:36.878 +03:00 [INF] Executed DbCommand (6ms) [Parameters=[], CommandType='"Text"', CommandTimeout='30']
CREATE TABLE "JobListings" (
    "Id" uuid NOT NULL,
    "AgentId" uuid NOT NULL,
    "Title" character varying(300) NOT NULL,
    "ListingType" character varying(30) NOT NULL,
    "ShipName" character varying(200),
    "PortCode" character varying(20),
    "PortName" character varying(300),
    "Location" character varying(300),
    "Category" character varying(100) NOT NULL,
    "SelectedServices" text[] NOT NULL,
    "Eta" timestamp with time zone,
    "NeedText" text,
    "BudgetMin" numeric(15,2),
    "BudgetMax" numeric(15,2),
    "Currency" character varying(10) NOT NULL,
    "Status" character varying(20) NOT NULL,
    "OfferCount" integer NOT NULL,
    "Deadline" timestamp with time zone,
    "CreatedAt" timestamp with time zone NOT NULL,
    "UpdatedAt" timestamp with time zone NOT NULL,
    "PortId" uuid,
    CONSTRAINT "PK_JobListings" PRIMARY KEY ("Id"),
    CONSTRAINT "FK_JobListings_AgentProfiles_AgentId" FOREIGN KEY ("AgentId") REFERENCES "AgentProfiles" ("Id") ON DELETE CASCADE,
    CONSTRAINT "FK_JobListings_Ports_PortId" FOREIGN KEY ("PortId") REFERENCES "Ports" ("Id")
);
2026-04-23 13:02:36.888 +03:00 [INF] Executed DbCommand (6ms) [Parameters=[], CommandType='"Text"', CommandTimeout='30']
CREATE TABLE "JobFiles" (
    "Id" uuid NOT NULL,
    "JobId" uuid NOT NULL,
    "FileName" character varying(300) NOT NULL,
    "FileUrl" character varying(500) NOT NULL,
    "FileSize" bigint,
    "FileType" character varying(20),
    "UploadedBy" uuid NOT NULL,
    "CreatedAt" timestamp with time zone NOT NULL,
    CONSTRAINT "PK_JobFiles" PRIMARY KEY ("Id"),
    CONSTRAINT "FK_JobFiles_JobListings_JobId" FOREIGN KEY ("JobId") REFERENCES "JobListings" ("Id") ON DELETE CASCADE,
    CONSTRAINT "FK_JobFiles_Users_UploadedBy" FOREIGN KEY ("UploadedBy") REFERENCES "Users" ("Id") ON DELETE RESTRICT
);
2026-04-23 13:02:36.899 +03:00 [INF] Executed DbCommand (6ms) [Parameters=[], CommandType='"Text"', CommandTimeout='30']
CREATE TABLE "Offers" (
    "Id" uuid NOT NULL,
    "JobId" uuid NOT NULL,
    "SubcontractorId" uuid NOT NULL,
    "Price" numeric(15,2) NOT NULL,
    "Currency" character varying(10) NOT NULL,
    "EstimatedDays" integer,
    "CoverNote" text,
    "Status" character varying(20) NOT NULL,
    "CreatedAt" timestamp with time zone NOT NULL,
    "UpdatedAt" timestamp with time zone NOT NULL,
    CONSTRAINT "PK_Offers" PRIMARY KEY ("Id"),
    CONSTRAINT "FK_Offers_JobListings_JobId" FOREIGN KEY ("JobId") REFERENCES "JobListings" ("Id") ON DELETE CASCADE,
    CONSTRAINT "FK_Offers_SubcontractorProfiles_SubcontractorId" FOREIGN KEY ("SubcontractorId") REFERENCES "SubcontractorProfiles" ("Id") ON DELETE CASCADE
);
2026-04-23 13:02:36.910 +03:00 [INF] Executed DbCommand (8ms) [Parameters=[], CommandType='"Text"', CommandTimeout='30']
CREATE TABLE "AssignedJobs" (
    "Id" uuid NOT NULL,
    "JobId" uuid NOT NULL,
    "OfferId" uuid NOT NULL,
    "AgentId" uuid NOT NULL,
    "SubcontractorId" uuid NOT NULL,
    "Progress" integer NOT NULL,
    "Status" character varying(30) NOT NULL,
    "StartDate" date,
    "DueDate" date,
    "CompletedAt" timestamp with time zone,
    "CreatedAt" timestamp with time zone NOT NULL,
    "UpdatedAt" timestamp with time zone NOT NULL,
    CONSTRAINT "PK_AssignedJobs" PRIMARY KEY ("Id"),
    CONSTRAINT "FK_AssignedJobs_AgentProfiles_AgentId" FOREIGN KEY ("AgentId") REFERENCES "AgentProfiles" ("Id") ON DELETE RESTRICT,
    CONSTRAINT "FK_AssignedJobs_JobListings_JobId" FOREIGN KEY ("JobId") REFERENCES "JobListings" ("Id") ON DELETE RESTRICT,
    CONSTRAINT "FK_AssignedJobs_Offers_OfferId" FOREIGN KEY ("OfferId") REFERENCES "Offers" ("Id") ON DELETE RESTRICT,
    CONSTRAINT "FK_AssignedJobs_SubcontractorProfiles_SubcontractorId" FOREIGN KEY ("SubcontractorId") REFERENCES "SubcontractorProfiles" ("Id") ON DELETE RESTRICT
);
2026-04-23 13:02:36.921 +03:00 [INF] Executed DbCommand (5ms) [Parameters=[], CommandType='"Text"', CommandTimeout='30']
CREATE TABLE "JobLogs" (
    "Id" uuid NOT NULL,
    "AssignedJobId" uuid NOT NULL,
    "CreatedBy" uuid NOT NULL,
    "Title" character varying(300) NOT NULL,
    "Description" text,
    "CreatedAt" timestamp with time zone NOT NULL,
    CONSTRAINT "PK_JobLogs" PRIMARY KEY ("Id"),
    CONSTRAINT "FK_JobLogs_AssignedJobs_AssignedJobId" FOREIGN KEY ("AssignedJobId") REFERENCES "AssignedJobs" ("Id") ON DELETE CASCADE,
    CONSTRAINT "FK_JobLogs_Users_CreatedBy" FOREIGN KEY ("CreatedBy") REFERENCES "Users" ("Id") ON DELETE RESTRICT
);
2026-04-23 13:02:36.931 +03:00 [INF] Executed DbCommand (6ms) [Parameters=[], CommandType='"Text"', CommandTimeout='30']
CREATE TABLE "JobReports" (
    "Id" uuid NOT NULL,
    "AssignedJobId" uuid NOT NULL,
    "UploadedBy" uuid NOT NULL,
    "FileName" character varying(300) NOT NULL,
    "FileUrl" character varying(500) NOT NULL,
    "FileSize" bigint,
    "FileType" character varying(20),
    "CreatedAt" timestamp with time zone NOT NULL,
    CONSTRAINT "PK_JobReports" PRIMARY KEY ("Id"),
    CONSTRAINT "FK_JobReports_AssignedJobs_AssignedJobId" FOREIGN KEY ("AssignedJobId") REFERENCES "AssignedJobs" ("Id") ON DELETE CASCADE,
    CONSTRAINT "FK_JobReports_Users_UploadedBy" FOREIGN KEY ("UploadedBy") REFERENCES "Users" ("Id") ON DELETE RESTRICT
);
2026-04-23 13:02:36.938 +03:00 [INF] Executed DbCommand (4ms) [Parameters=[], CommandType='"Text"', CommandTimeout='30']
CREATE TABLE "Messages" (
    "Id" uuid NOT NULL,
    "AssignedJobId" uuid,
    "SenderId" uuid NOT NULL,
    "ReceiverId" uuid NOT NULL,
    "Content" text NOT NULL,
    "IsRead" boolean NOT NULL,
    "CreatedAt" timestamp with time zone NOT NULL,
    CONSTRAINT "PK_Messages" PRIMARY KEY ("Id"),
    CONSTRAINT "FK_Messages_AssignedJobs_AssignedJobId" FOREIGN KEY ("AssignedJobId") REFERENCES "AssignedJobs" ("Id") ON DELETE SET NULL,
    CONSTRAINT "FK_Messages_Users_ReceiverId" FOREIGN KEY ("ReceiverId") REFERENCES "Users" ("Id") ON DELETE RESTRICT,
    CONSTRAINT "FK_Messages_Users_SenderId" FOREIGN KEY ("SenderId") REFERENCES "Users" ("Id") ON DELETE RESTRICT
);
2026-04-23 13:02:36.946 +03:00 [INF] Executed DbCommand (5ms) [Parameters=[], CommandType='"Text"', CommandTimeout='30']
CREATE TABLE "WalletTransactions" (
    "Id" uuid NOT NULL,
    "SubcontractorId" uuid NOT NULL,
    "AssignedJobId" uuid,
    "Type" character varying(30) NOT NULL,
    "Amount" numeric(15,2) NOT NULL,
    "Currency" character varying(10) NOT NULL,
    "Status" character varying(20) NOT NULL,
    "Description" text,
    "CreatedAt" timestamp with time zone NOT NULL,
    CONSTRAINT "PK_WalletTransactions" PRIMARY KEY ("Id"),
    CONSTRAINT "FK_WalletTransactions_AssignedJobs_AssignedJobId" FOREIGN KEY ("AssignedJobId") REFERENCES "AssignedJobs" ("Id") ON DELETE SET NULL,
    CONSTRAINT "FK_WalletTransactions_SubcontractorProfiles_SubcontractorId" FOREIGN KEY ("SubcontractorId") REFERENCES "SubcontractorProfiles" ("Id") ON DELETE RESTRICT
);
2026-04-23 13:02:36.952 +03:00 [INF] Executed DbCommand (3ms) [Parameters=[], CommandType='"Text"', CommandTimeout='30']
CREATE UNIQUE INDEX "IX_AgentProfiles_UserId" ON "AgentProfiles" ("UserId");
2026-04-23 13:02:36.957 +03:00 [INF] Executed DbCommand (3ms) [Parameters=[], CommandType='"Text"', CommandTimeout='30']
CREATE INDEX "IX_AssignedJobs_AgentId" ON "AssignedJobs" ("AgentId");
2026-04-23 13:02:36.963 +03:00 [INF] Executed DbCommand (3ms) [Parameters=[], CommandType='"Text"', CommandTimeout='30']
CREATE UNIQUE INDEX "IX_AssignedJobs_JobId" ON "AssignedJobs" ("JobId");
2026-04-23 13:02:36.969 +03:00 [INF] Executed DbCommand (3ms) [Parameters=[], CommandType='"Text"', CommandTimeout='30']
CREATE UNIQUE INDEX "IX_AssignedJobs_OfferId" ON "AssignedJobs" ("OfferId");
2026-04-23 13:02:36.975 +03:00 [INF] Executed DbCommand (3ms) [Parameters=[], CommandType='"Text"', CommandTimeout='30']
CREATE INDEX "IX_AssignedJobs_SubcontractorId" ON "AssignedJobs" ("SubcontractorId");
2026-04-23 13:02:36.980 +03:00 [INF] Executed DbCommand (3ms) [Parameters=[], CommandType='"Text"', CommandTimeout='30']
CREATE INDEX "IX_JobFiles_JobId" ON "JobFiles" ("JobId");
2026-04-23 13:02:36.986 +03:00 [INF] Executed DbCommand (3ms) [Parameters=[], CommandType='"Text"', CommandTimeout='30']
CREATE INDEX "IX_JobFiles_UploadedBy" ON "JobFiles" ("UploadedBy");
2026-04-23 13:02:36.991 +03:00 [INF] Executed DbCommand (2ms) [Parameters=[], CommandType='"Text"', CommandTimeout='30']
CREATE INDEX "IX_JobListings_AgentId" ON "JobListings" ("AgentId");
2026-04-23 13:02:36.996 +03:00 [INF] Executed DbCommand (3ms) [Parameters=[], CommandType='"Text"', CommandTimeout='30']
CREATE INDEX "IX_JobListings_PortId" ON "JobListings" ("PortId");
2026-04-23 13:02:37.001 +03:00 [INF] Executed DbCommand (2ms) [Parameters=[], CommandType='"Text"', CommandTimeout='30']
CREATE INDEX "IX_JobLogs_AssignedJobId" ON "JobLogs" ("AssignedJobId");
2026-04-23 13:02:37.006 +03:00 [INF] Executed DbCommand (2ms) [Parameters=[], CommandType='"Text"', CommandTimeout='30']
CREATE INDEX "IX_JobLogs_CreatedBy" ON "JobLogs" ("CreatedBy");
2026-04-23 13:02:37.011 +03:00 [INF] Executed DbCommand (3ms) [Parameters=[], CommandType='"Text"', CommandTimeout='30']
CREATE INDEX "IX_JobReports_AssignedJobId" ON "JobReports" ("AssignedJobId");
2026-04-23 13:02:37.015 +03:00 [INF] Executed DbCommand (3ms) [Parameters=[], CommandType='"Text"', CommandTimeout='30']
CREATE INDEX "IX_JobReports_UploadedBy" ON "JobReports" ("UploadedBy");
2026-04-23 13:02:37.020 +03:00 [INF] Executed DbCommand (2ms) [Parameters=[], CommandType='"Text"', CommandTimeout='30']
CREATE INDEX "IX_Messages_AssignedJobId" ON "Messages" ("AssignedJobId");
2026-04-23 13:02:37.025 +03:00 [INF] Executed DbCommand (2ms) [Parameters=[], CommandType='"Text"', CommandTimeout='30']
CREATE INDEX "IX_Messages_ReceiverId" ON "Messages" ("ReceiverId");
2026-04-23 13:02:37.029 +03:00 [INF] Executed DbCommand (2ms) [Parameters=[], CommandType='"Text"', CommandTimeout='30']
CREATE INDEX "IX_Messages_SenderId" ON "Messages" ("SenderId");
2026-04-23 13:02:37.034 +03:00 [INF] Executed DbCommand (3ms) [Parameters=[], CommandType='"Text"', CommandTimeout='30']
CREATE INDEX "IX_Notifications_UserId" ON "Notifications" ("UserId");
2026-04-23 13:02:37.039 +03:00 [INF] Executed DbCommand (3ms) [Parameters=[], CommandType='"Text"', CommandTimeout='30']
CREATE UNIQUE INDEX "IX_Offers_JobId_SubcontractorId" ON "Offers" ("JobId", "SubcontractorId");
2026-04-23 13:02:37.044 +03:00 [INF] Executed DbCommand (3ms) [Parameters=[], CommandType='"Text"', CommandTimeout='30']
CREATE INDEX "IX_Offers_SubcontractorId" ON "Offers" ("SubcontractorId");
2026-04-23 13:02:37.049 +03:00 [INF] Executed DbCommand (3ms) [Parameters=[], CommandType='"Text"', CommandTimeout='30']
CREATE UNIQUE INDEX "IX_Ports_Code" ON "Ports" ("Code");
2026-04-23 13:02:37.054 +03:00 [INF] Executed DbCommand (3ms) [Parameters=[], CommandType='"Text"', CommandTimeout='30']
CREATE INDEX "IX_RefreshTokens_UserId" ON "RefreshTokens" ("UserId");
2026-04-23 13:02:37.060 +03:00 [INF] Executed DbCommand (3ms) [Parameters=[], CommandType='"Text"', CommandTimeout='30']
CREATE UNIQUE INDEX "IX_ServiceCategories_Code" ON "ServiceCategories" ("Code");
2026-04-23 13:02:37.066 +03:00 [INF] Executed DbCommand (3ms) [Parameters=[], CommandType='"Text"', CommandTimeout='30']
CREATE UNIQUE INDEX "IX_SubcontractorProfiles_UserId" ON "SubcontractorProfiles" ("UserId");
2026-04-23 13:02:37.072 +03:00 [INF] Executed DbCommand (3ms) [Parameters=[], CommandType='"Text"', CommandTimeout='30']
CREATE UNIQUE INDEX "IX_Users_Email" ON "Users" ("Email");
2026-04-23 13:02:37.078 +03:00 [INF] Executed DbCommand (3ms) [Parameters=[], CommandType='"Text"', CommandTimeout='30']
CREATE INDEX "IX_WalletTransactions_AssignedJobId" ON "WalletTransactions" ("AssignedJobId");
2026-04-23 13:02:37.084 +03:00 [INF] Executed DbCommand (3ms) [Parameters=[], CommandType='"Text"', CommandTimeout='30']
CREATE INDEX "IX_WalletTransactions_SubcontractorId" ON "WalletTransactions" ("SubcontractorId");
2026-04-23 13:02:37.090 +03:00 [INF] Executed DbCommand (3ms) [Parameters=[], CommandType='"Text"', CommandTimeout='30']
INSERT INTO "__EFMigrationsHistory" ("MigrationId", "ProductVersion")
VALUES ('20260423095524_InitialCreate', '9.0.4');
2026-04-23 13:02:37.103 +03:00 [INF] Veritabanı migration tamamlandı.
2026-04-23 13:02:37.106 +03:00 [INF] Portlink API başlatıldı.
2026-04-23 13:02:37.136 +03:00 [INF] User profile is available. Using 'C:\Users\abura\AppData\Local\ASP.NET\DataProtection-Keys' as key repository and Windows DPAPI to encrypt keys at rest.
2026-04-23 13:02:37.149 +03:00 [INF] Creating key {7eaa50b5-cd1f-4df7-9e49-63f4d73ddcd8} with creation date 2026-04-23 10:02:37Z, activation date 2026-04-23 10:02:37Z, and expiration date 2026-07-22 10:02:37Z.
2026-04-23 13:02:37.173 +03:00 [INF] Writing data to file 'C:\Users\abura\AppData\Local\ASP.NET\DataProtection-Keys\key-7eaa50b5-cd1f-4df7-9e49-63f4d73ddcd8.xml'.
2026-04-23 13:02:37.249 +03:00 [WRN] The WebRootPath was not found: C:\Users\abura\source\repos\Portlink.Api\Portlink.Api\wwwroot. Static files may be unavailable.
2026-04-23 13:02:37.279 +03:00 [INF] Now listening on: http://localhost:5265
2026-04-23 13:02:37.282 +03:00 [INF] Application started. Press Ctrl+C to shut down.
2026-04-23 13:02:37.284 +03:00 [INF] Hosting environment: Development
2026-04-23 13:02:37.285 +03:00 [INF] Content root path: C:\Users\abura\source\repos\Portlink.Api\Portlink.Api
2026-04-23 13:03:07.128 +03:00 [INF] Request starting HTTP/1.1 GET http://localhost:5265/swagger - null null
2026-04-23 13:03:07.173 +03:00 [INF] Request finished HTTP/1.1 GET http://localhost:5265/swagger - 301 0 null 45.5279ms
2026-04-23 13:03:07.189 +03:00 [INF] Request starting HTTP/1.1 GET http://localhost:5265/swagger/index.html - null null
2026-04-23 13:03:07.246 +03:00 [INF] Request finished HTTP/1.1 GET http://localhost:5265/swagger/index.html - 200 null text/html;charset=utf-8 56.5499ms
2026-04-23 13:03:07.269 +03:00 [INF] Request starting HTTP/1.1 GET http://localhost:5265/swagger/swagger-ui.css - null null
2026-04-23 13:03:07.270 +03:00 [INF] Request starting HTTP/1.1 GET http://localhost:5265/swagger/swagger-ui-bundle.js - null null
2026-04-23 13:03:07.271 +03:00 [INF] Request starting HTTP/1.1 GET http://localhost:5265/swagger/swagger-ui-standalone-preset.js - null null
2026-04-23 13:03:07.291 +03:00 [INF] Sending file. Request path: '/swagger-ui.css'. Physical path: 'N/A'
2026-04-23 13:03:07.291 +03:00 [INF] Sending file. Request path: '/swagger-ui-standalone-preset.js'. Physical path: 'N/A'
2026-04-23 13:03:07.297 +03:00 [INF] Request finished HTTP/1.1 GET http://localhost:5265/swagger/swagger-ui.css - 200 152034 text/css 28.1873ms
2026-04-23 13:03:07.298 +03:00 [INF] Sending file. Request path: '/swagger-ui-bundle.js'. Physical path: 'N/A'
2026-04-23 13:03:07.299 +03:00 [INF] Request finished HTTP/1.1 GET http://localhost:5265/swagger/swagger-ui-standalone-preset.js - 200 230280 text/javascript 27.1457ms
2026-04-23 13:03:07.306 +03:00 [INF] Request finished HTTP/1.1 GET http://localhost:5265/swagger/swagger-ui-bundle.js - 200 1456926 text/javascript 35.8722ms
2026-04-23 13:03:07.421 +03:00 [INF] Request starting HTTP/1.1 GET http://localhost:5265/swagger/v1/swagger.json - null null
2026-04-23 13:03:07.434 +03:00 [INF] Request starting HTTP/1.1 GET http://localhost:5265/swagger/favicon-32x32.png - null null
2026-04-23 13:03:07.441 +03:00 [INF] Sending file. Request path: '/favicon-32x32.png'. Physical path: 'N/A'
2026-04-23 13:03:07.445 +03:00 [INF] Request finished HTTP/1.1 GET http://localhost:5265/swagger/favicon-32x32.png - 200 628 image/png 10.2746ms
2026-04-23 13:03:07.549 +03:00 [INF] Request finished HTTP/1.1 GET http://localhost:5265/swagger/v1/swagger.json - 200 null application/json;charset=utf-8 128.0068ms
2026-04-23 13:15:56.554 +03:00 [INF] Request starting HTTP/1.1 POST http://localhost:5265/api/auth/register/agent - application/json 187
2026-04-23 13:15:56.661 +03:00 [WRN] Failed to determine the https port for redirect.
2026-04-23 13:15:56.667 +03:00 [INF] CORS policy execution failed.
2026-04-23 13:15:56.672 +03:00 [INF] Request origin http://localhost:5265 does not have permission to access the resource.
2026-04-23 13:15:56.781 +03:00 [INF] Executing endpoint 'Portlink.Api.Modules.Auth.AuthController.RegisterAgent (Portlink.Api)'
2026-04-23 13:15:56.815 +03:00 [INF] Route matched with {action = "RegisterAgent", controller = "Auth"}. Executing controller action with signature System.Threading.Tasks.Task`1[Microsoft.AspNetCore.Mvc.IActionResult] RegisterAgent(Portlink.Api.DTOs.Auth.RegisterAgentRequest) on controller Portlink.Api.Modules.Auth.AuthController (Portlink.Api).
2026-04-23 13:15:57.376 +03:00 [INF] Executed DbCommand (61ms) [Parameters=[@__ToLower_0='?'], CommandType='"Text"', CommandTimeout='30']
SELECT EXISTS (
    SELECT 1
    FROM "Users" AS u
    WHERE u."Email" = @__ToLower_0)
2026-04-23 13:15:58.426 +03:00 [INF] Executed DbCommand (31ms) [Parameters=[@p0='?' (DbType = Guid), @p1='?' (DbType = DateTime), @p2='?', @p3='?' (DbType = Boolean), @p4='?' (DbType = Boolean), @p5='?', @p6='?', @p7='?' (DbType = DateTime), @p8='?' (DbType = Guid), @p9='?', @p10='?', @p11='?', @p12='?' (DbType = DateTime), @p13='?', @p14='?' (DbType = Boolean), @p15='?', @p16='?', @p17='?' (DbType = Decimal), @p18='?', @p19='?' (DbType = Int32), @p20='?' (DbType = DateTime), @p21='?' (DbType = Guid)], CommandType='"Text"', CommandTimeout='30']
INSERT INTO "Users" ("Id", "CreatedAt", "Email", "IsActive", "IsVerified", "PasswordHash", "Role", "UpdatedAt")
VALUES (@p0, @p1, @p2, @p3, @p4, @p5, @p6, @p7);
INSERT INTO "AgentProfiles" ("Id", "City", "CompanyName", "Country", "CreatedAt", "FullName", "IsVerified", "LogoUrl", "Phone", "Rating", "TaxNumber", "TotalJobs", "UpdatedAt", "UserId")
VALUES (@p8, @p9, @p10, @p11, @p12, @p13, @p14, @p15, @p16, @p17, @p18, @p19, @p20, @p21);
2026-04-23 13:15:58.547 +03:00 [INF] Executed DbCommand (5ms) [Parameters=[@p0='?' (DbType = Guid), @p1='?' (DbType = DateTime), @p2='?' (DbType = DateTime), @p3='?', @p4='?' (DbType = Guid)], CommandType='"Text"', CommandTimeout='30']
INSERT INTO "RefreshTokens" ("Id", "CreatedAt", "ExpiresAt", "TokenHash", "UserId")
VALUES (@p0, @p1, @p2, @p3, @p4);
2026-04-23 13:15:58.586 +03:00 [INF] Executing ObjectResult, writing value of type 'Portlink.Api.DTOs.Common.ApiResponse`1[[Portlink.Api.DTOs.Auth.AuthResponse, Portlink.Api, Version=1.0.0.0, Culture=neutral, PublicKeyToken=null]]'.
2026-04-23 13:15:58.627 +03:00 [INF] Executed action Portlink.Api.Modules.Auth.AuthController.RegisterAgent (Portlink.Api) in 1789.6691ms
2026-04-23 13:15:58.644 +03:00 [INF] Executed endpoint 'Portlink.Api.Modules.Auth.AuthController.RegisterAgent (Portlink.Api)'
2026-04-23 13:15:58.662 +03:00 [INF] HTTP POST /api/auth/register/agent responded 201 in 2001.1407 ms
2026-04-23 13:15:58.691 +03:00 [INF] Request finished HTTP/1.1 POST http://localhost:5265/api/auth/register/agent - 201 null application/json; charset=utf-8 2135.5471ms
2026-04-23 13:16:25.166 +03:00 [INF] Request starting HTTP/1.1 POST http://localhost:5265/api/auth/login - application/json 47
2026-04-23 13:16:25.188 +03:00 [INF] CORS policy execution failed.
2026-04-23 13:16:25.193 +03:00 [INF] Request origin http://localhost:5265 does not have permission to access the resource.
2026-04-23 13:16:25.204 +03:00 [INF] Executing endpoint 'Portlink.Api.Modules.Auth.AuthController.Login (Portlink.Api)'
2026-04-23 13:16:25.220 +03:00 [INF] Route matched with {action = "Login", controller = "Auth"}. Executing controller action with signature System.Threading.Tasks.Task`1[Microsoft.AspNetCore.Mvc.IActionResult] Login(Portlink.Api.DTOs.Auth.LoginRequest) on controller Portlink.Api.Modules.Auth.AuthController (Portlink.Api).
2026-04-23 13:16:25.473 +03:00 [INF] Executed DbCommand (9ms) [Parameters=[@__ToLower_0='?'], CommandType='"Text"', CommandTimeout='30']
SELECT u."Id", u."CreatedAt", u."Email", u."IsActive", u."IsVerified", u."PasswordHash", u."Role", u."UpdatedAt", a."Id", a."City", a."CompanyName", a."Country", a."CreatedAt", a."FullName", a."IsVerified", a."LogoUrl", a."Phone", a."Rating", a."TaxNumber", a."TotalJobs", a."UpdatedAt", a."UserId", s."Id", s."City", s."CompanyName", s."Country", s."CreatedAt", s."ExpertiseTags", s."FullName", s."IsVerified", s."LogoUrl", s."Phone", s."Rating", s."TaxNumber", s."TotalCompleted", s."UpdatedAt", s."UserId"
FROM "Users" AS u
LEFT JOIN "AgentProfiles" AS a ON u."Id" = a."UserId"
LEFT JOIN "SubcontractorProfiles" AS s ON u."Id" = s."UserId"
WHERE u."Email" = @__ToLower_0
LIMIT 1
2026-04-23 13:16:25.961 +03:00 [INF] Executed DbCommand (4ms) [Parameters=[@p0='?' (DbType = Guid), @p1='?' (DbType = DateTime), @p2='?' (DbType = DateTime), @p3='?', @p4='?' (DbType = Guid)], CommandType='"Text"', CommandTimeout='30']
INSERT INTO "RefreshTokens" ("Id", "CreatedAt", "ExpiresAt", "TokenHash", "UserId")
VALUES (@p0, @p1, @p2, @p3, @p4);
2026-04-23 13:16:25.992 +03:00 [INF] Executing OkObjectResult, writing value of type 'Portlink.Api.DTOs.Common.ApiResponse`1[[Portlink.Api.DTOs.Auth.AuthResponse, Portlink.Api, Version=1.0.0.0, Culture=neutral, PublicKeyToken=null]]'.
2026-04-23 13:16:26.000 +03:00 [INF] Executed action Portlink.Api.Modules.Auth.AuthController.Login (Portlink.Api) in 765.1969ms
2026-04-23 13:16:26.006 +03:00 [INF] Executed endpoint 'Portlink.Api.Modules.Auth.AuthController.Login (Portlink.Api)'
2026-04-23 13:16:26.011 +03:00 [INF] HTTP POST /api/auth/login responded 200 in 824.6455 ms
2026-04-23 13:16:26.019 +03:00 [INF] Request finished HTTP/1.1 POST http://localhost:5265/api/auth/login - 200 null application/json; charset=utf-8 852.3907ms
2026-04-23 14:30:16.014 +03:00 [INF] Application is shutting down...
2026-04-23 14:30:24.112 +03:00 [INF] Executed DbCommand (10ms) [Parameters=[], CommandType='"Text"', CommandTimeout='30']
SELECT "MigrationId", "ProductVersion"
FROM "__EFMigrationsHistory"
ORDER BY "MigrationId";
2026-04-23 14:30:24.334 +03:00 [INF] Executed DbCommand (5ms) [Parameters=[], CommandType='"Text"', CommandTimeout='30']
CREATE TABLE IF NOT EXISTS "__EFMigrationsHistory" (
    "MigrationId" character varying(150) NOT NULL,
    "ProductVersion" character varying(32) NOT NULL,
    CONSTRAINT "PK___EFMigrationsHistory" PRIMARY KEY ("MigrationId")
);
2026-04-23 14:30:24.346 +03:00 [INF] Executed DbCommand (0ms) [Parameters=[], CommandType='"Text"', CommandTimeout='30']
LOCK TABLE "__EFMigrationsHistory" IN ACCESS EXCLUSIVE MODE
2026-04-23 14:30:24.350 +03:00 [INF] Executed DbCommand (1ms) [Parameters=[], CommandType='"Text"', CommandTimeout='30']
SELECT "MigrationId", "ProductVersion"
FROM "__EFMigrationsHistory"
ORDER BY "MigrationId";
2026-04-23 14:30:24.355 +03:00 [INF] No migrations were applied. The database is already up to date.
2026-04-23 14:30:24.363 +03:00 [INF] Veritabanı migration tamamlandı.
2026-04-23 14:30:24.367 +03:00 [INF] Portlink API başlatıldı.
2026-04-23 14:30:24.378 +03:00 [INF] User profile is available. Using 'C:\Users\abura\AppData\Local\ASP.NET\DataProtection-Keys' as key repository and Windows DPAPI to encrypt keys at rest.
2026-04-23 14:30:24.435 +03:00 [WRN] The WebRootPath was not found: C:\Users\abura\source\repos\Portlink.Api\Portlink.Api\wwwroot. Static files may be unavailable.
2026-04-23 14:30:24.454 +03:00 [INF] Now listening on: http://localhost:5265
2026-04-23 14:30:24.456 +03:00 [INF] Application started. Press Ctrl+C to shut down.
2026-04-23 14:30:24.458 +03:00 [INF] Hosting environment: Development
2026-04-23 14:30:24.459 +03:00 [INF] Content root path: C:\Users\abura\source\repos\Portlink.Api\Portlink.Api
2026-04-23 14:30:31.752 +03:00 [INF] Request starting HTTP/1.1 GET http://localhost:5265/ - null null
2026-04-23 14:30:31.930 +03:00 [WRN] Failed to determine the https port for redirect.
2026-04-23 14:30:32.013 +03:00 [INF] HTTP GET / responded 404 in 83.0251 ms
2026-04-23 14:30:32.036 +03:00 [INF] Request finished HTTP/1.1 GET http://localhost:5265/ - 404 0 null 287.0304ms
2026-04-23 14:30:32.061 +03:00 [INF] Request reached the end of the middleware pipeline without being handled by application code. Request path: GET http://localhost:5265/, Response status code: 404
2026-04-23 14:30:38.521 +03:00 [INF] Request starting HTTP/1.1 GET http://localhost:5265/swagger/index.html - null null
2026-04-23 14:30:38.622 +03:00 [INF] Request finished HTTP/1.1 GET http://localhost:5265/swagger/index.html - 200 null text/html;charset=utf-8 101.8897ms
2026-04-23 14:30:39.512 +03:00 [INF] Request starting HTTP/1.1 GET http://localhost:5265/swagger/v1/swagger.json - null null
2026-04-23 14:30:39.657 +03:00 [INF] Request finished HTTP/1.1 GET http://localhost:5265/swagger/v1/swagger.json - 200 null application/json;charset=utf-8 144.7621ms
